This is pdfTeX, Version 3.141592653-2.6-1.40.25 (TeX Live 2023) (preloaded format=pdflatex 2024.3.5)  7 MAR 2024 16:27
entering extended mode
 restricted \write18 enabled.
 file:line:error style messages enabled.
 %&-line parsing enabled.
**lot
(./lot.tex
LaTeX2e <2022-11-01> patch level 1
L3 programming layer <2023-02-22> (/usr/local/texlive/2023/texmf-dist/tex/latex/base/article.cls
Document Class: article 2022/07/02 v1.4n Standard LaTeX document class
(/usr/local/texlive/2023/texmf-dist/tex/latex/base/size10.clo
File: size10.clo 2022/07/02 v1.4n Standard LaTeX file (size option)
)
\c@part=\count185
\c@section=\count186
\c@subsection=\count187
\c@subsubsection=\count188
\c@paragraph=\count189
\c@subparagraph=\count190
\c@figure=\count191
\c@table=\count192
\abovecaptionskip=\skip48
\belowcaptionskip=\skip49
\bibindent=\dimen140
)
./lot.tex:2: Undefined control sequence.
<recently read> \usapackage 
                            
l.2 \usapackage
               {ctex}
The control sequence at the end of the top line
of your error message was never \def'ed. If you have
misspelled it (e.g., `\hobx'), type `I' and the correct
spelling (e.g., `I\hbox'). Otherwise just continue,
and I'll forget about whatever was undefined.


./lot.tex:2: LaTeX Error: Missing \begin{document}.

See the LaTeX manual or LaTeX Companion for explanation.
Type  H <return>  for immediate help.
 ...                                              
                                                  
l.2 \usapackage{c
                 tex}
You're in trouble here.  Try typing  <return>  to proceed.
If that doesn't work, type  X <return>  to quit.

./lot.tex:3: Undefined control sequence.
l.3 \setCJKmainfont
                   {å®‹ä½“}
The control sequence at the end of the top line
of your error message was never \def'ed. If you have
misspelled it (e.g., `\hobx'), type `I' and the correct
spelling (e.g., `I\hbox'). Otherwise just continue,
and I'll forget about whatever was undefined.


./lot.tex:3: LaTeX Error: Unicode character å®‹ (U+5B8B)
               not set up for use with LaTeX.

See the LaTeX manual or LaTeX Companion for explanation.
Type  H <return>  for immediate help.
 ...                                              
                                                  
l.3 \setCJKmainfont{å®‹
                       ä½“}
You may provide a definition with
\DeclareUnicodeCharacter 


./lot.tex:3: LaTeX Error: Unicode character ä½“ (U+4F53)
               not set up for use with LaTeX.

See the LaTeX manual or LaTeX Companion for explanation.
Type  H <return>  for immediate help.
 ...                                              
                                                  
l.3 \setCJKmainfont{å®‹ä½“
                          }
You may provide a definition with
\DeclareUnicodeCharacter 

(/usr/local/texlive/2023/texmf-dist/tex/latex/l3backend/l3backend-pdftex.def
File: l3backend-pdftex.def 2023-01-16 L3 backend support: PDF output (pdfTeX)
\l__color_backend_stack_int=\count193
\l__pdf_internal_box=\box51
)
No file lot.aux.
\openout1 = `lot.aux'.

LaTeX Font Info:    Checking defaults for OML/cmm/m/it on input line 8.
LaTeX Font Info:    ... okay on input line 8.
LaTeX Font Info:    Checking defaults for OMS/cmsy/m/n on input line 8.
LaTeX Font Info:    ... okay on input line 8.
LaTeX Font Info:    Checking defaults for OT1/cmr/m/n on input line 8.
LaTeX Font Info:    ... okay on input line 8.
LaTeX Font Info:    Checking defaults for T1/cmr/m/n on input line 8.
LaTeX Font Info:    ... okay on input line 8.
LaTeX Font Info:    Checking defaults for TS1/cmr/m/n on input line 8.
LaTeX Font Info:    ... okay on input line 8.
LaTeX Font Info:    Checking defaults for OMX/cmex/m/n on input line 8.
LaTeX Font Info:    ... okay on input line 8.
LaTeX Font Info:    Checking defaults for U/cmr/m/n on input line 8.
LaTeX Font Info:    ... okay on input line 8.
[1

{/usr/local/texlive/2023/texmf-var/fonts/map/pdftex/updmap/pdftex.map}]

./lot.tex:10: LaTeX Error: Unicode character å¿« (U+5FEB)
               not set up for use with LaTeX.

See the LaTeX manual or LaTeX Companion for explanation.
Type  H <return>  for immediate help.
 ...                                              
                                                  
l.10 \maketitle
               
You may provide a definition with
\DeclareUnicodeCharacter 


./lot.tex:10: LaTeX Error: Unicode character é€’ (U+9012)
               not set up for use with LaTeX.

See the LaTeX manual or LaTeX Companion for explanation.
Type  H <return>  for immediate help.
 ...                                              
                                                  
l.10 \maketitle
               
You may provide a definition with
\DeclareUnicodeCharacter 


./lot.tex:10: LaTeX Error: Unicode character ä¸­ (U+4E2D)
               not set up for use with LaTeX.

See the LaTeX manual or LaTeX Companion for explanation.
Type  H <return>  for immediate help.
 ...                                              
                                                  
l.10 \maketitle
               
You may provide a definition with
\DeclareUnicodeCharacter 


./lot.tex:10: LaTeX Error: Unicode character è½¬ (U+8F6C)
               not set up for use with LaTeX.

See the LaTeX manual or LaTeX Companion for explanation.
Type  H <return>  for immediate help.
 ...                                              
                                                  
l.10 \maketitle
               
You may provide a definition with
\DeclareUnicodeCharacter 


./lot.tex:10: LaTeX Error: Unicode character ç«™ (U+7AD9)
               not set up for use with LaTeX.

See the LaTeX manual or LaTeX Companion for explanation.
Type  H <return>  for immediate help.
 ...                                              
                                                  
l.10 \maketitle
               
You may provide a definition with
\DeclareUnicodeCharacter 


./lot.tex:10: LaTeX Error: Unicode character ç‰© (U+7269)
               not set up for use with LaTeX.

See the LaTeX manual or LaTeX Companion for explanation.
Type  H <return>  for immediate help.
 ...                                              
                                                  
l.10 \maketitle
               
You may provide a definition with
\DeclareUnicodeCharacter 


./lot.tex:10: LaTeX Error: Unicode character è” (U+8054)
               not set up for use with LaTeX.

See the LaTeX manual or LaTeX Companion for explanation.
Type  H <return>  for immediate help.
 ...                                              
                                                  
l.10 \maketitle
               
You may provide a definition with
\DeclareUnicodeCharacter 


./lot.tex:10: LaTeX Error: Unicode character ç½‘ (U+7F51)
               not set up for use with LaTeX.

See the LaTeX manual or LaTeX Companion for explanation.
Type  H <return>  for immediate help.
 ...                                              
                                                  
l.10 \maketitle
               
You may provide a definition with
\DeclareUnicodeCharacter 


./lot.tex:10: LaTeX Error: Unicode character æ§ (U+63A7)
               not set up for use with LaTeX.

See the LaTeX manual or LaTeX Companion for explanation.
Type  H <return>  for immediate help.
 ...                                              
                                                  
l.10 \maketitle
               
You may provide a definition with
\DeclareUnicodeCharacter 


./lot.tex:10: LaTeX Error: Unicode character åˆ¶ (U+5236)
               not set up for use with LaTeX.

See the LaTeX manual or LaTeX Companion for explanation.
Type  H <return>  for immediate help.
 ...                                              
                                                  
l.10 \maketitle
               
You may provide a definition with
\DeclareUnicodeCharacter 


./lot.tex:10: LaTeX Error: Unicode character æœº (U+673A)
               not set up for use with LaTeX.

See the LaTeX manual or LaTeX Companion for explanation.
Type  H <return>  for immediate help.
 ...                                              
                                                  
l.10 \maketitle
               
You may provide a definition with
\DeclareUnicodeCharacter 


./lot.tex:10: LaTeX Error: Unicode character å™¨ (U+5668)
               not set up for use with LaTeX.

See the LaTeX manual or LaTeX Companion for explanation.
Type  H <return>  for immediate help.
 ...                                              
                                                  
l.10 \maketitle
               
You may provide a definition with
\DeclareUnicodeCharacter 


./lot.tex:10: LaTeX Error: Unicode character äºº (U+4EBA)
               not set up for use with LaTeX.

See the LaTeX manual or LaTeX Companion for explanation.
Type  H <return>  for immediate help.
 ...                                              
                                                  
l.10 \maketitle
               
You may provide a definition with
\DeclareUnicodeCharacter 


./lot.tex:10: LaTeX Error: Unicode character æ¡ (U+6361)
               not set up for use with LaTeX.

See the LaTeX manual or LaTeX Companion for explanation.
Type  H <return>  for immediate help.
 ...                                              
                                                  
l.10 \maketitle
               
You may provide a definition with
\DeclareUnicodeCharacter 


./lot.tex:10: LaTeX Error: Unicode character ç»ƒ (U+7EC3)
               not set up for use with LaTeX.

See the LaTeX manual or LaTeX Companion for explanation.
Type  H <return>  for immediate help.
 ...                                              
                                                  
l.10 \maketitle
               
You may provide a definition with
\DeclareUnicodeCharacter 

LaTeX Font Info:    External font `cmex10' loaded for size
(Font)              <12> on input line 10.
LaTeX Font Info:    External font `cmex10' loaded for size
(Font)              <8> on input line 10.
LaTeX Font Info:    External font `cmex10' loaded for size
(Font)              <6> on input line 10.

./lot.tex:11: LaTeX Error: Unicode character ä»‹ (U+4ECB)
               not set up for use with LaTeX.

See the LaTeX manual or LaTeX Companion for explanation.
Type  H <return>  for immediate help.
 ...                                              
                                                  
l.11 \section{ä»‹ç»}
                     
You may provide a definition with
\DeclareUnicodeCharacter 


./lot.tex:11: LaTeX Error: Unicode character ç» (U+7ECD)
               not set up for use with LaTeX.

See the LaTeX manual or LaTeX Companion for explanation.
Type  H <return>  for immediate help.
 ...                                              
                                                  
l.11 \section{ä»‹ç»}
                     
You may provide a definition with
\DeclareUnicodeCharacter 


./lot.tex:12: LaTeX Error: Unicode character å¿« (U+5FEB)
               not set up for use with LaTeX.

See the LaTeX manual or LaTeX Companion for explanation.
Type  H <return>  for immediate help.
 ...                                              
                                                  
l.12 å¿«
        é€’ä¸­è½¬ç«™æ¡ç»ƒæœ‰ä¸¤ç§æ¨¡å¼ï¼Œä¸€ç§æ˜¯äººå·¥ï¼Œå¦ä¸€ç§åˆ™æ˜...
You may provide a definition with
\DeclareUnicodeCharacter 


./lot.tex:12: LaTeX Error: Unicode character é€’ (U+9012)
               not set up for use with LaTeX.

See the LaTeX manual or LaTeX Companion for explanation.
Type  H <return>  for immediate help.
 ...                                              
                                                  
l.12 å¿«é€’
           ä¸­è½¬ç«™æ¡ç»ƒæœ‰ä¸¤ç§æ¨¡å¼ï¼Œä¸€ç§æ˜¯äººå·¥ï¼Œå¦ä¸€ç§åˆ™æ˜...
You may provide a definition with
\DeclareUnicodeCharacter 


./lot.tex:12: LaTeX Error: Unicode character ä¸­ (U+4E2D)
               not set up for use with LaTeX.

See the LaTeX manual or LaTeX Companion for explanation.
Type  H <return>  for immediate help.
 ...                                              
                                                  
l.12 å¿«é€’ä¸­
              è½¬ç«™æ¡ç»ƒæœ‰ä¸¤ç§æ¨¡å¼ï¼Œä¸€ç§æ˜¯äººå·¥ï¼Œå¦ä¸€ç§åˆ™æ˜...
You may provide a definition with
\DeclareUnicodeCharacter 


./lot.tex:12: LaTeX Error: Unicode character è½¬ (U+8F6C)
               not set up for use with LaTeX.

See the LaTeX manual or LaTeX Companion for explanation.
Type  H <return>  for immediate help.
 ...                                              
                                                  
l.12 å¿«é€’ä¸­è½¬
                 ç«™æ¡ç»ƒæœ‰ä¸¤ç§æ¨¡å¼ï¼Œä¸€ç§æ˜¯äººå·¥ï¼Œå¦ä¸€ç§åˆ™æ˜...
You may provide a definition with
\DeclareUnicodeCharacter 


./lot.tex:12: LaTeX Error: Unicode character ç«™ (U+7AD9)
               not set up for use with LaTeX.

See the LaTeX manual or LaTeX Companion for explanation.
Type  H <return>  for immediate help.
 ...                                              
                                                  
l.12 å¿«é€’ä¸­è½¬ç«™
                    æ¡ç»ƒæœ‰ä¸¤ç§æ¨¡å¼ï¼Œä¸€ç§æ˜¯äººå·¥ï¼Œå¦ä¸€ç§åˆ™æ˜...
You may provide a definition with
\DeclareUnicodeCharacter 


./lot.tex:12: LaTeX Error: Unicode character æ¡ (U+6361)
               not set up for use with LaTeX.

See the LaTeX manual or LaTeX Companion for explanation.
Type  H <return>  for immediate help.
 ...                                              
                                                  
l.12 å¿«é€’ä¸­è½¬ç«™æ¡
                       ç»ƒæœ‰ä¸¤ç§æ¨¡å¼ï¼Œä¸€ç§æ˜¯äººå·¥ï¼Œå¦ä¸€ç§åˆ™æ˜...
You may provide a definition with
\DeclareUnicodeCharacter 


./lot.tex:12: LaTeX Error: Unicode character ç»ƒ (U+7EC3)
               not set up for use with LaTeX.

See the LaTeX manual or LaTeX Companion for explanation.
Type  H <return>  for immediate help.
 ...                                              
                                                  
l.12 å¿«é€’ä¸­è½¬ç«™æ¡ç»ƒ
                          æœ‰ä¸¤ç§æ¨¡å¼ï¼Œä¸€ç§æ˜¯äººå·¥ï¼Œå¦ä¸€ç§åˆ™æ˜...
You may provide a definition with
\DeclareUnicodeCharacter 


./lot.tex:12: LaTeX Error: Unicode character æœ‰ (U+6709)
               not set up for use with LaTeX.

See the LaTeX manual or LaTeX Companion for explanation.
Type  H <return>  for immediate help.
 ...                                              
                                                  
l.12 å¿«é€’ä¸­è½¬ç«™æ¡ç»ƒæœ‰
                             ä¸¤ç§æ¨¡å¼ï¼Œä¸€ç§æ˜¯äººå·¥ï¼Œå¦ä¸€ç§åˆ™æ˜...
You may provide a definition with
\DeclareUnicodeCharacter 


./lot.tex:12: LaTeX Error: Unicode character ä¸¤ (U+4E24)
               not set up for use with LaTeX.

See the LaTeX manual or LaTeX Companion for explanation.
Type  H <return>  for immediate help.
 ...                                              
                                                  
l.12 å¿«é€’ä¸­è½¬ç«™æ¡ç»ƒæœ‰ä¸¤
                                ç§æ¨¡å¼ï¼Œä¸€ç§æ˜¯äººå·¥ï¼Œå¦ä¸€ç§åˆ™æ˜...
You may provide a definition with
\DeclareUnicodeCharacter 


./lot.tex:12: LaTeX Error: Unicode character ç§ (U+79CD)
               not set up for use with LaTeX.

See the LaTeX manual or LaTeX Companion for explanation.
Type  H <return>  for immediate help.
 ...                                              
                                                  
l.12 å¿«é€’ä¸­è½¬ç«™æ¡ç»ƒæœ‰ä¸¤ç§
                                   æ¨¡å¼ï¼Œä¸€ç§æ˜¯äººå·¥ï¼Œå¦ä¸€ç§åˆ™æ˜...
You may provide a definition with
\DeclareUnicodeCharacter 


./lot.tex:12: LaTeX Error: Unicode character æ¨¡ (U+6A21)
               not set up for use with LaTeX.

See the LaTeX manual or LaTeX Companion for explanation.
Type  H <return>  for immediate help.
 ...                                              
                                                  
l.12 å¿«é€’ä¸­è½¬ç«™æ¡ç»ƒæœ‰ä¸¤ç§æ¨¡
                                      å¼ï¼Œä¸€ç§æ˜¯äººå·¥ï¼Œå¦ä¸€ç§åˆ™æ˜...
You may provide a definition with
\DeclareUnicodeCharacter 


./lot.tex:12: LaTeX Error: Unicode character å¼ (U+5F0F)
               not set up for use with LaTeX.

See the LaTeX manual or LaTeX Companion for explanation.
Type  H <return>  for immediate help.
 ...                                              
                                                  
l.12 å¿«é€’ä¸­è½¬ç«™æ¡ç»ƒæœ‰ä¸¤ç§æ¨¡å¼
                                         ï¼Œä¸€ç§æ˜¯äººå·¥ï¼Œå¦ä¸€ç§åˆ™æ˜...
You may provide a definition with
\DeclareUnicodeCharacter 


./lot.tex:12: LaTeX Error: Unicode character ï¼Œ (U+FF0C)
               not set up for use with LaTeX.

See the LaTeX manual or LaTeX Companion for explanation.
Type  H <return>  for immediate help.
 ...                                              
                                                  
l.12 å¿«é€’ä¸­è½¬ç«™æ¡ç»ƒæœ‰ä¸¤ç§æ¨¡å¼ï¼Œ
                                            ä¸€ç§æ˜¯äººå·¥ï¼Œå¦ä¸€ç§åˆ™æ˜...
You may provide a definition with
\DeclareUnicodeCharacter 


./lot.tex:12: LaTeX Error: Unicode character ä¸€ (U+4E00)
               not set up for use with LaTeX.

See the LaTeX manual or LaTeX Companion for explanation.
Type  H <return>  for immediate help.
 ...                                              
                                                  
l.12 å¿«é€’ä¸­è½¬ç«™æ¡ç»ƒæœ‰ä¸¤ç§æ¨¡å¼ï¼Œä¸€
                                               ç§æ˜¯äººå·¥ï¼Œå¦ä¸€ç§åˆ™æ˜...
You may provide a definition with
\DeclareUnicodeCharacter 


./lot.tex:12: LaTeX Error: Unicode character ç§ (U+79CD)
               not set up for use with LaTeX.

See the LaTeX manual or LaTeX Companion for explanation.
Type  H <return>  for immediate help.
 ...                                              
                                                  
l.12 å¿«é€’ä¸­è½¬ç«™æ¡ç»ƒæœ‰ä¸¤ç§æ¨¡å¼ï¼Œä¸€ç§
                                                  æ˜¯äººå·¥ï¼Œå¦ä¸€ç§åˆ™æ˜...
You may provide a definition with
\DeclareUnicodeCharacter 


./lot.tex:12: LaTeX Error: Unicode character æ˜¯ (U+662F)
               not set up for use with LaTeX.

See the LaTeX manual or LaTeX Companion for explanation.
Type  H <return>  for immediate help.
 ...                                              
                                                  
l.12 ...ä¸­è½¬ç«™æ¡ç»ƒæœ‰ä¸¤ç§æ¨¡å¼ï¼Œä¸€ç§æ˜¯
                                                  äººå·¥ï¼Œå¦ä¸€ç§åˆ™æ˜¯é€...
You may provide a definition with
\DeclareUnicodeCharacter 


./lot.tex:12: LaTeX Error: Unicode character äºº (U+4EBA)
               not set up for use with LaTeX.

See the LaTeX manual or LaTeX Companion for explanation.
Type  H <return>  for immediate help.
 ...                                              
                                                  
l.12 ...è½¬ç«™æ¡ç»ƒæœ‰ä¸¤ç§æ¨¡å¼ï¼Œä¸€ç§æ˜¯äºº
                                                  å·¥ï¼Œå¦ä¸€ç§åˆ™æ˜¯é€šè¿...
You may provide a definition with
\DeclareUnicodeCharacter 


./lot.tex:12: LaTeX Error: Unicode character å·¥ (U+5DE5)
               not set up for use with LaTeX.

See the LaTeX manual or LaTeX Companion for explanation.
Type  H <return>  for immediate help.
 ...                                              
                                                  
l.12 ...ç«™æ¡ç»ƒæœ‰ä¸¤ç§æ¨¡å¼ï¼Œä¸€ç§æ˜¯äººå·¥
                                                  ï¼Œå¦ä¸€ç§åˆ™æ˜¯é€šè¿‡æœ...
You may provide a definition with
\DeclareUnicodeCharacter 


./lot.tex:12: LaTeX Error: Unicode character ï¼Œ (U+FF0C)
               not set up for use with LaTeX.

See the LaTeX manual or LaTeX Companion for explanation.
Type  H <return>  for immediate help.
 ...                                              
                                                  
l.12 ...æ¡ç»ƒæœ‰ä¸¤ç§æ¨¡å¼ï¼Œä¸€ç§æ˜¯äººå·¥ï¼Œ
                                                  å¦ä¸€ç§åˆ™æ˜¯é€šè¿‡æœºå™...
You may provide a definition with
\DeclareUnicodeCharacter 


./lot.tex:12: LaTeX Error: Unicode character å¦ (U+53E6)
               not set up for use with LaTeX.

See the LaTeX manual or LaTeX Companion for explanation.
Type  H <return>  for immediate help.
 ...                                              
                                                  
l.12 ...ç»ƒæœ‰ä¸¤ç§æ¨¡å¼ï¼Œä¸€ç§æ˜¯äººå·¥ï¼Œå¦
                                                  ä¸€ç§åˆ™æ˜¯é€šè¿‡æœºå™¨äº...
You may provide a definition with
\DeclareUnicodeCharacter 


./lot.tex:12: LaTeX Error: Unicode character ä¸€ (U+4E00)
               not set up for use with LaTeX.

See the LaTeX manual or LaTeX Companion for explanation.
Type  H <return>  for immediate help.
 ...                                              
                                                  
l.12 ...æœ‰ä¸¤ç§æ¨¡å¼ï¼Œä¸€ç§æ˜¯äººå·¥ï¼Œå¦ä¸€
                                                  ç§åˆ™æ˜¯é€šè¿‡æœºå™¨äººã€...
You may provide a definition with
\DeclareUnicodeCharacter 


./lot.tex:12: LaTeX Error: Unicode character ç§ (U+79CD)
               not set up for use with LaTeX.

See the LaTeX manual or LaTeX Companion for explanation.
Type  H <return>  for immediate help.
 ...                                              
                                                  
l.12 ...ä¸¤ç§æ¨¡å¼ï¼Œä¸€ç§æ˜¯äººå·¥ï¼Œå¦ä¸€ç§
                                                  åˆ™æ˜¯é€šè¿‡æœºå™¨äººã€‚æ‰...
You may provide a definition with
\DeclareUnicodeCharacter 


./lot.tex:12: LaTeX Error: Unicode character åˆ™ (U+5219)
               not set up for use with LaTeX.

See the LaTeX manual or LaTeX Companion for explanation.
Type  H <return>  for immediate help.
 ...                                              
                                                  
l.12 ...ç§æ¨¡å¼ï¼Œä¸€ç§æ˜¯äººå·¥ï¼Œå¦ä¸€ç§åˆ™
                                                  æ˜¯é€šè¿‡æœºå™¨äººã€‚æ‰€è°...
You may provide a definition with
\DeclareUnicodeCharacter 


./lot.tex:12: LaTeX Error: Unicode character æ˜¯ (U+662F)
               not set up for use with LaTeX.

See the LaTeX manual or LaTeX Companion for explanation.
Type  H <return>  for immediate help.
 ...                                              
                                                  
l.12 ...æ¨¡å¼ï¼Œä¸€ç§æ˜¯äººå·¥ï¼Œå¦ä¸€ç§åˆ™æ˜¯
                                                  é€šè¿‡æœºå™¨äººã€‚æ‰€è°“æ...
You may provide a definition with
\DeclareUnicodeCharacter 


./lot.tex:12: LaTeX Error: Unicode character é€š (U+901A)
               not set up for use with LaTeX.

See the LaTeX manual or LaTeX Companion for explanation.
Type  H <return>  for immediate help.
 ...                                              
                                                  
l.12 ...å¼ï¼Œä¸€ç§æ˜¯äººå·¥ï¼Œå¦ä¸€ç§åˆ™æ˜¯é€š
                                                  è¿‡æœºå™¨äººã€‚æ‰€è°“æ¡ç»...
You may provide a definition with
\DeclareUnicodeCharacter 


./lot.tex:12: LaTeX Error: Unicode character è¿‡ (U+8FC7)
               not set up for use with LaTeX.

See the LaTeX manual or LaTeX Companion for explanation.
Type  H <return>  for immediate help.
 ...                                              
                                                  
l.12 ...ï¼Œä¸€ç§æ˜¯äººå·¥ï¼Œå¦ä¸€ç§åˆ™æ˜¯é€šè¿‡
                                                  æœºå™¨äººã€‚æ‰€è°“æ¡ç»ƒï¼...
You may provide a definition with
\DeclareUnicodeCharacter 


./lot.tex:12: LaTeX Error: Unicode character æœº (U+673A)
               not set up for use with LaTeX.

See the LaTeX manual or LaTeX Companion for explanation.
Type  H <return>  for immediate help.
 ...                                              
                                                  
l.12 ...ä¸€ç§æ˜¯äººå·¥ï¼Œå¦ä¸€ç§åˆ™æ˜¯é€šè¿‡æœº
                                                  å™¨äººã€‚æ‰€è°“æ¡ç»ƒï¼Œå°...
You may provide a definition with
\DeclareUnicodeCharacter 


./lot.tex:12: LaTeX Error: Unicode character å™¨ (U+5668)
               not set up for use with LaTeX.

See the LaTeX manual or LaTeX Companion for explanation.
Type  H <return>  for immediate help.
 ...                                              
                                                  
l.12 ...ç§æ˜¯äººå·¥ï¼Œå¦ä¸€ç§åˆ™æ˜¯é€šè¿‡æœºå™¨
                                                  äººã€‚æ‰€è°“æ¡ç»ƒï¼Œå°±æ˜...
You may provide a definition with
\DeclareUnicodeCharacter 


./lot.tex:12: LaTeX Error: Unicode character äºº (U+4EBA)
               not set up for use with LaTeX.

See the LaTeX manual or LaTeX Companion for explanation.
Type  H <return>  for immediate help.
 ...                                              
                                                  
l.12 ...æ˜¯äººå·¥ï¼Œå¦ä¸€ç§åˆ™æ˜¯é€šè¿‡æœºå™¨äºº
                                                  ã€‚æ‰€è°“æ¡ç»ƒï¼Œå°±æ˜¯å°...
You may provide a definition with
\DeclareUnicodeCharacter 


./lot.tex:12: LaTeX Error: Unicode character ã€‚ (U+3002)
               not set up for use with LaTeX.

See the LaTeX manual or LaTeX Companion for explanation.
Type  H <return>  for immediate help.
 ...                                              
                                                  
l.12 ...äººå·¥ï¼Œå¦ä¸€ç§åˆ™æ˜¯é€šè¿‡æœºå™¨äººã€‚
                                                  æ‰€è°“æ¡ç»ƒï¼Œå°±æ˜¯å°†å¿...
You may provide a definition with
\DeclareUnicodeCharacter 


./lot.tex:12: LaTeX Error: Unicode character æ‰€ (U+6240)
               not set up for use with LaTeX.

See the LaTeX manual or LaTeX Companion for explanation.
Type  H <return>  for immediate help.
 ...                                              
                                                  
l.12 ...å·¥ï¼Œå¦ä¸€ç§åˆ™æ˜¯é€šè¿‡æœºå™¨äººã€‚æ‰€
                                                  è°“æ¡ç»ƒï¼Œå°±æ˜¯å°†å¿«é€...
You may provide a definition with
\DeclareUnicodeCharacter 


./lot.tex:12: LaTeX Error: Unicode character è°“ (U+8C13)
               not set up for use with LaTeX.

See the LaTeX manual or LaTeX Companion for explanation.
Type  H <return>  for immediate help.
 ...                                              
                                                  
l.12 ...ï¼Œå¦ä¸€ç§åˆ™æ˜¯é€šè¿‡æœºå™¨äººã€‚æ‰€è°“
                                                  æ¡ç»ƒï¼Œå°±æ˜¯å°†å¿«é€’ä»...
You may provide a definition with
\DeclareUnicodeCharacter 


./lot.tex:12: LaTeX Error: Unicode character æ¡ (U+6361)
               not set up for use with LaTeX.

See the LaTeX manual or LaTeX Companion for explanation.
Type  H <return>  for immediate help.
 ...                                              
                                                  
l.12 ...å¦ä¸€ç§åˆ™æ˜¯é€šè¿‡æœºå™¨äººã€‚æ‰€è°“æ¡
                                                  ç»ƒï¼Œå°±æ˜¯å°†å¿«é€’ä»ä¸...
You may provide a definition with
\DeclareUnicodeCharacter 


./lot.tex:12: LaTeX Error: Unicode character ç»ƒ (U+7EC3)
               not set up for use with LaTeX.

See the LaTeX manual or LaTeX Companion for explanation.
Type  H <return>  for immediate help.
 ...                                              
                                                  
l.12 ...ä¸€ç§åˆ™æ˜¯é€šè¿‡æœºå™¨äººã€‚æ‰€è°“æ¡ç»ƒ
                                                  ï¼Œå°±æ˜¯å°†å¿«é€’ä»ä¸€ä¸...
You may provide a definition with
\DeclareUnicodeCharacter 


./lot.tex:12: LaTeX Error: Unicode character ï¼Œ (U+FF0C)
               not set up for use with LaTeX.

See the LaTeX manual or LaTeX Companion for explanation.
Type  H <return>  for immediate help.
 ...                                              
                                                  
l.12 ...ç§åˆ™æ˜¯é€šè¿‡æœºå™¨äººã€‚æ‰€è°“æ¡ç»ƒï¼Œ
                                                  å°±æ˜¯å°†å¿«é€’ä»ä¸€ä¸ªçª...
You may provide a definition with
\DeclareUnicodeCharacter 


./lot.tex:12: LaTeX Error: Unicode character å°± (U+5C31)
               not set up for use with LaTeX.

See the LaTeX manual or LaTeX Companion for explanation.
Type  H <return>  for immediate help.
 ...                                              
                                                  
l.12 ...åˆ™æ˜¯é€šè¿‡æœºå™¨äººã€‚æ‰€è°“æ¡ç»ƒï¼Œå°±
                                                  æ˜¯å°†å¿«é€’ä»ä¸€ä¸ªçª—å...
You may provide a definition with
\DeclareUnicodeCharacter 


./lot.tex:12: LaTeX Error: Unicode character æ˜¯ (U+662F)
               not set up for use with LaTeX.

See the LaTeX manual or LaTeX Companion for explanation.
Type  H <return>  for immediate help.
 ...                                              
                                                  
l.12 ...æ˜¯é€šè¿‡æœºå™¨äººã€‚æ‰€è°“æ¡ç»ƒï¼Œå°±æ˜¯
                                                  å°†å¿«é€’ä»ä¸€ä¸ªçª—å£æ...
You may provide a definition with
\DeclareUnicodeCharacter 


./lot.tex:12: LaTeX Error: Unicode character å°† (U+5C06)
               not set up for use with LaTeX.

See the LaTeX manual or LaTeX Companion for explanation.
Type  H <return>  for immediate help.
 ...                                              
                                                  
l.12 ...é€šè¿‡æœºå™¨äººã€‚æ‰€è°“æ¡ç»ƒï¼Œå°±æ˜¯å°†
                                                  å¿«é€’ä»ä¸€ä¸ªçª—å£æ¡èµ...
You may provide a definition with
\DeclareUnicodeCharacter 


./lot.tex:12: LaTeX Error: Unicode character å¿« (U+5FEB)
               not set up for use with LaTeX.

See the LaTeX manual or LaTeX Companion for explanation.
Type  H <return>  for immediate help.
 ...                                              
                                                  
l.12 ...è¿‡æœºå™¨äººã€‚æ‰€è°“æ¡ç»ƒï¼Œå°±æ˜¯å°†å¿«
                                                  é€’ä»ä¸€ä¸ªçª—å£æ¡èµ·ï¼...
You may provide a definition with
\DeclareUnicodeCharacter 


./lot.tex:12: LaTeX Error: Unicode character é€’ (U+9012)
               not set up for use with LaTeX.

See the LaTeX manual or LaTeX Companion for explanation.
Type  H <return>  for immediate help.
 ...                                              
                                                  
l.12 ...æœºå™¨äººã€‚æ‰€è°“æ¡ç»ƒï¼Œå°±æ˜¯å°†å¿«é€’
                                                  ä»ä¸€ä¸ªçª—å£æ¡èµ·ï¼Œé€...
You may provide a definition with
\DeclareUnicodeCharacter 


./lot.tex:12: LaTeX Error: Unicode character ä» (U+4ECE)
               not set up for use with LaTeX.

See the LaTeX manual or LaTeX Companion for explanation.
Type  H <return>  for immediate help.
 ...                                              
                                                  
l.12 ...å™¨äººã€‚æ‰€è°“æ¡ç»ƒï¼Œå°±æ˜¯å°†å¿«é€’ä»
                                                  ä¸€ä¸ªçª—å£æ¡èµ·ï¼Œé€åˆ...
You may provide a definition with
\DeclareUnicodeCharacter 


./lot.tex:12: LaTeX Error: Unicode character ä¸€ (U+4E00)
               not set up for use with LaTeX.

See the LaTeX manual or LaTeX Companion for explanation.
Type  H <return>  for immediate help.
 ...                                              
                                                  
l.12 ...äººã€‚æ‰€è°“æ¡ç»ƒï¼Œå°±æ˜¯å°†å¿«é€’ä»ä¸€
                                                  ä¸ªçª—å£æ¡èµ·ï¼Œé€åˆ°å...
You may provide a definition with
\DeclareUnicodeCharacter 


./lot.tex:12: LaTeX Error: Unicode character ä¸ª (U+4E2A)
               not set up for use with LaTeX.

See the LaTeX manual or LaTeX Companion for explanation.
Type  H <return>  for immediate help.
 ...                                              
                                                  
l.12 ...ã€‚æ‰€è°“æ¡ç»ƒï¼Œå°±æ˜¯å°†å¿«é€’ä»ä¸€ä¸ª
                                                  çª—å£æ¡èµ·ï¼Œé€åˆ°å¦ä¸...
You may provide a definition with
\DeclareUnicodeCharacter 


./lot.tex:12: LaTeX Error: Unicode character çª— (U+7A97)
               not set up for use with LaTeX.

See the LaTeX manual or LaTeX Companion for explanation.
Type  H <return>  for immediate help.
 ...                                              
                                                  
l.12 ...æ‰€è°“æ¡ç»ƒï¼Œå°±æ˜¯å°†å¿«é€’ä»ä¸€ä¸ªçª—
                                                  å£æ¡èµ·ï¼Œé€åˆ°å¦ä¸€ä¸...
You may provide a definition with
\DeclareUnicodeCharacter 


./lot.tex:12: LaTeX Error: Unicode character å£ (U+53E3)
               not set up for use with LaTeX.

See the LaTeX manual or LaTeX Companion for explanation.
Type  H <return>  for immediate help.
 ...                                              
                                                  
l.12 ...è°“æ¡ç»ƒï¼Œå°±æ˜¯å°†å¿«é€’ä»ä¸€ä¸ªçª—å£
                                                  æ¡èµ·ï¼Œé€åˆ°å¦ä¸€ä¸ªçª...
You may provide a definition with
\DeclareUnicodeCharacter 


./lot.tex:12: LaTeX Error: Unicode character æ¡ (U+6361)
               not set up for use with LaTeX.

See the LaTeX manual or LaTeX Companion for explanation.
Type  H <return>  for immediate help.
 ...                                              
                                                  
l.12 ...æ¡ç»ƒï¼Œå°±æ˜¯å°†å¿«é€’ä»ä¸€ä¸ªçª—å£æ¡
                                                  èµ·ï¼Œé€åˆ°å¦ä¸€ä¸ªçª—å...
You may provide a definition with
\DeclareUnicodeCharacter 


./lot.tex:12: LaTeX Error: Unicode character èµ· (U+8D77)
               not set up for use with LaTeX.

See the LaTeX manual or LaTeX Companion for explanation.
Type  H <return>  for immediate help.
 ...                                              
                                                  
l.12 ...ç»ƒï¼Œå°±æ˜¯å°†å¿«é€’ä»ä¸€ä¸ªçª—å£æ¡èµ·
                                                  ï¼Œé€åˆ°å¦ä¸€ä¸ªçª—å£ã€‚
You may provide a definition with
\DeclareUnicodeCharacter 


./lot.tex:12: LaTeX Error: Unicode character ï¼Œ (U+FF0C)
               not set up for use with LaTeX.

See the LaTeX manual or LaTeX Companion for explanation.
Type  H <return>  for immediate help.
 ...                                              
                                                  
l.12 ...ï¼Œå°±æ˜¯å°†å¿«é€’ä»ä¸€ä¸ªçª—å£æ¡èµ·ï¼Œ
                                                  é€åˆ°å¦ä¸€ä¸ªçª—å£ã€‚
You may provide a definition with
\DeclareUnicodeCharacter 


./lot.tex:12: LaTeX Error: Unicode character é€ (U+9001)
               not set up for use with LaTeX.

See the LaTeX manual or LaTeX Companion for explanation.
Type  H <return>  for immediate help.
 ...                                              
                                                  
l.12 ...å°±æ˜¯å°†å¿«é€’ä»ä¸€ä¸ªçª—å£æ¡èµ·ï¼Œé€
                                                  åˆ°å¦ä¸€ä¸ªçª—å£ã€‚
You may provide a definition with
\DeclareUnicodeCharacter 


./lot.tex:12: LaTeX Error: Unicode character åˆ° (U+5230)
               not set up for use with LaTeX.

See the LaTeX manual or LaTeX Companion for explanation.
Type  H <return>  for immediate help.
 ...                                              
                                                  
l.12 ...æ˜¯å°†å¿«é€’ä»ä¸€ä¸ªçª—å£æ¡èµ·ï¼Œé€åˆ°
                                                  å¦ä¸€ä¸ªçª—å£ã€‚
You may provide a definition with
\DeclareUnicodeCharacter 


./lot.tex:12: LaTeX Error: Unicode character å¦ (U+53E6)
               not set up for use with LaTeX.

See the LaTeX manual or LaTeX Companion for explanation.
Type  H <return>  for immediate help.
 ...                                              
                                                  
l.12 ...å°†å¿«é€’ä»ä¸€ä¸ªçª—å£æ¡èµ·ï¼Œé€åˆ°å¦
                                                  ä¸€ä¸ªçª—å£ã€‚
You may provide a definition with
\DeclareUnicodeCharacter 


./lot.tex:12: LaTeX Error: Unicode character ä¸€ (U+4E00)
               not set up for use with LaTeX.

See the LaTeX manual or LaTeX Companion for explanation.
Type  H <return>  for immediate help.
 ...                                              
                                                  
l.12 ...å¿«é€’ä»ä¸€ä¸ªçª—å£æ¡èµ·ï¼Œé€åˆ°å¦ä¸€
                                                  ä¸ªçª—å£ã€‚
You may provide a definition with
\DeclareUnicodeCharacter 


./lot.tex:12: LaTeX Error: Unicode character ä¸ª (U+4E2A)
               not set up for use with LaTeX.

See the LaTeX manual or LaTeX Companion for explanation.
Type  H <return>  for immediate help.
 ...                                              
                                                  
l.12 ...é€’ä»ä¸€ä¸ªçª—å£æ¡èµ·ï¼Œé€åˆ°å¦ä¸€ä¸ª
                                                  çª—å£ã€‚
You may provide a definition with
\DeclareUnicodeCharacter 


./lot.tex:12: LaTeX Error: Unicode character çª— (U+7A97)
               not set up for use with LaTeX.

See the LaTeX manual or LaTeX Companion for explanation.
Type  H <return>  for immediate help.
 ...                                              
                                                  
l.12 ...ä»ä¸€ä¸ªçª—å£æ¡èµ·ï¼Œé€åˆ°å¦ä¸€ä¸ªçª—
                                                  å£ã€‚
You may provide a definition with
\DeclareUnicodeCharacter 


./lot.tex:12: LaTeX Error: Unicode character å£ (U+53E3)
               not set up for use with LaTeX.

See the LaTeX manual or LaTeX Companion for explanation.
Type  H <return>  for immediate help.
 ...                                              
                                                  
l.12 ...ä¸€ä¸ªçª—å£æ¡èµ·ï¼Œé€åˆ°å¦ä¸€ä¸ªçª—å£
                                                  ã€‚
You may provide a definition with
\DeclareUnicodeCharacter 


./lot.tex:12: LaTeX Error: Unicode character ã€‚ (U+3002)
               not set up for use with LaTeX.

See the LaTeX manual or LaTeX Companion for explanation.
Type  H <return>  for immediate help.
 ...                                              
                                                  
l.12 ...ä¸ªçª—å£æ¡èµ·ï¼Œé€åˆ°å¦ä¸€ä¸ªçª—å£ã€‚
                                                  
You may provide a definition with
\DeclareUnicodeCharacter 


./lot.tex:13: LaTeX Error: Unicode character æˆ‘ (U+6211)
               not set up for use with LaTeX.

See the LaTeX manual or LaTeX Companion for explanation.
Type  H <return>  for immediate help.
 ...                                              
                                                  
l.13 æˆ‘
        ä»¬å‡è®¾ç°åœ¨æ˜¯åœ¨ä¸Šæµ·æŸå¿«é€’å…¬å¸çš„å‘è´§æ¡ç»ƒç©ºé—´ï¼Œå¦...
You may provide a definition with
\DeclareUnicodeCharacter 


./lot.tex:13: LaTeX Error: Unicode character ä»¬ (U+4EEC)
               not set up for use with LaTeX.

See the LaTeX manual or LaTeX Companion for explanation.
Type  H <return>  for immediate help.
 ...                                              
                                                  
l.13 æˆ‘ä»¬
           å‡è®¾ç°åœ¨æ˜¯åœ¨ä¸Šæµ·æŸå¿«é€’å…¬å¸çš„å‘è´§æ¡ç»ƒç©ºé—´ï¼Œå¦...
You may provide a definition with
\DeclareUnicodeCharacter 


./lot.tex:13: LaTeX Error: Unicode character å‡ (U+5047)
               not set up for use with LaTeX.

See the LaTeX manual or LaTeX Companion for explanation.
Type  H <return>  for immediate help.
 ...                                              
                                                  
l.13 æˆ‘ä»¬å‡
              è®¾ç°åœ¨æ˜¯åœ¨ä¸Šæµ·æŸå¿«é€’å…¬å¸çš„å‘è´§æ¡ç»ƒç©ºé—´ï¼Œå¦...
You may provide a definition with
\DeclareUnicodeCharacter 


./lot.tex:13: LaTeX Error: Unicode character è®¾ (U+8BBE)
               not set up for use with LaTeX.

See the LaTeX manual or LaTeX Companion for explanation.
Type  H <return>  for immediate help.
 ...                                              
                                                  
l.13 æˆ‘ä»¬å‡è®¾
                 ç°åœ¨æ˜¯åœ¨ä¸Šæµ·æŸå¿«é€’å…¬å¸çš„å‘è´§æ¡ç»ƒç©ºé—´ï¼Œå¦...
You may provide a definition with
\DeclareUnicodeCharacter 


./lot.tex:13: LaTeX Error: Unicode character ç° (U+73B0)
               not set up for use with LaTeX.

See the LaTeX manual or LaTeX Companion for explanation.
Type  H <return>  for immediate help.
 ...                                              
                                                  
l.13 æˆ‘ä»¬å‡è®¾ç°
                    åœ¨æ˜¯åœ¨ä¸Šæµ·æŸå¿«é€’å…¬å¸çš„å‘è´§æ¡ç»ƒç©ºé—´ï¼Œå¦...
You may provide a definition with
\DeclareUnicodeCharacter 


./lot.tex:13: LaTeX Error: Unicode character åœ¨ (U+5728)
               not set up for use with LaTeX.

See the LaTeX manual or LaTeX Companion for explanation.
Type  H <return>  for immediate help.
 ...                                              
                                                  
l.13 æˆ‘ä»¬å‡è®¾ç°åœ¨
                       æ˜¯åœ¨ä¸Šæµ·æŸå¿«é€’å…¬å¸çš„å‘è´§æ¡ç»ƒç©ºé—´ï¼Œå¦...
You may provide a definition with
\DeclareUnicodeCharacter 


./lot.tex:13: LaTeX Error: Unicode character æ˜¯ (U+662F)
               not set up for use with LaTeX.

See the LaTeX manual or LaTeX Companion for explanation.
Type  H <return>  for immediate help.
 ...                                              
                                                  
l.13 æˆ‘ä»¬å‡è®¾ç°åœ¨æ˜¯
                          åœ¨ä¸Šæµ·æŸå¿«é€’å…¬å¸çš„å‘è´§æ¡ç»ƒç©ºé—´ï¼Œå¦...
You may provide a definition with
\DeclareUnicodeCharacter 


./lot.tex:13: LaTeX Error: Unicode character åœ¨ (U+5728)
               not set up for use with LaTeX.

See the LaTeX manual or LaTeX Companion for explanation.
Type  H <return>  for immediate help.
 ...                                              
                                                  
l.13 æˆ‘ä»¬å‡è®¾ç°åœ¨æ˜¯åœ¨
                             ä¸Šæµ·æŸå¿«é€’å…¬å¸çš„å‘è´§æ¡ç»ƒç©ºé—´ï¼Œå¦...
You may provide a definition with
\DeclareUnicodeCharacter 


./lot.tex:13: LaTeX Error: Unicode character ä¸Š (U+4E0A)
               not set up for use with LaTeX.

See the LaTeX manual or LaTeX Companion for explanation.
Type  H <return>  for immediate help.
 ...                                              
                                                  
l.13 æˆ‘ä»¬å‡è®¾ç°åœ¨æ˜¯åœ¨ä¸Š
                                æµ·æŸå¿«é€’å…¬å¸çš„å‘è´§æ¡ç»ƒç©ºé—´ï¼Œå¦...
You may provide a definition with
\DeclareUnicodeCharacter 


./lot.tex:13: LaTeX Error: Unicode character æµ· (U+6D77)
               not set up for use with LaTeX.

See the LaTeX manual or LaTeX Companion for explanation.
Type  H <return>  for immediate help.
 ...                                              
                                                  
l.13 æˆ‘ä»¬å‡è®¾ç°åœ¨æ˜¯åœ¨ä¸Šæµ·
                                   æŸå¿«é€’å…¬å¸çš„å‘è´§æ¡ç»ƒç©ºé—´ï¼Œå¦...
You may provide a definition with
\DeclareUnicodeCharacter 


./lot.tex:13: LaTeX Error: Unicode character æŸ (U+67D0)
               not set up for use with LaTeX.

See the LaTeX manual or LaTeX Companion for explanation.
Type  H <return>  for immediate help.
 ...                                              
                                                  
l.13 æˆ‘ä»¬å‡è®¾ç°åœ¨æ˜¯åœ¨ä¸Šæµ·æŸ
                                      å¿«é€’å…¬å¸çš„å‘è´§æ¡ç»ƒç©ºé—´ï¼Œå¦...
You may provide a definition with
\DeclareUnicodeCharacter 


./lot.tex:13: LaTeX Error: Unicode character å¿« (U+5FEB)
               not set up for use with LaTeX.

See the LaTeX manual or LaTeX Companion for explanation.
Type  H <return>  for immediate help.
 ...                                              
                                                  
l.13 æˆ‘ä»¬å‡è®¾ç°åœ¨æ˜¯åœ¨ä¸Šæµ·æŸå¿«
                                         é€’å…¬å¸çš„å‘è´§æ¡ç»ƒç©ºé—´ï¼Œå¦...
You may provide a definition with
\DeclareUnicodeCharacter 


./lot.tex:13: LaTeX Error: Unicode character é€’ (U+9012)
               not set up for use with LaTeX.

See the LaTeX manual or LaTeX Companion for explanation.
Type  H <return>  for immediate help.
 ...                                              
                                                  
l.13 æˆ‘ä»¬å‡è®¾ç°åœ¨æ˜¯åœ¨ä¸Šæµ·æŸå¿«é€’
                                            å…¬å¸çš„å‘è´§æ¡ç»ƒç©ºé—´ï¼Œå¦...
You may provide a definition with
\DeclareUnicodeCharacter 


./lot.tex:13: LaTeX Error: Unicode character å…¬ (U+516C)
               not set up for use with LaTeX.

See the LaTeX manual or LaTeX Companion for explanation.
Type  H <return>  for immediate help.
 ...                                              
                                                  
l.13 æˆ‘ä»¬å‡è®¾ç°åœ¨æ˜¯åœ¨ä¸Šæµ·æŸå¿«é€’å…¬
                                               å¸çš„å‘è´§æ¡ç»ƒç©ºé—´ï¼Œå¦...
You may provide a definition with
\DeclareUnicodeCharacter 


./lot.tex:13: LaTeX Error: Unicode character å¸ (U+53F8)
               not set up for use with LaTeX.

See the LaTeX manual or LaTeX Companion for explanation.
Type  H <return>  for immediate help.
 ...                                              
                                                  
l.13 æˆ‘ä»¬å‡è®¾ç°åœ¨æ˜¯åœ¨ä¸Šæµ·æŸå¿«é€’å…¬å¸
                                                  çš„å‘è´§æ¡ç»ƒç©ºé—´ï¼Œå¦...
You may provide a definition with
\DeclareUnicodeCharacter 


./lot.tex:13: LaTeX Error: Unicode character çš„ (U+7684)
               not set up for use with LaTeX.

See the LaTeX manual or LaTeX Companion for explanation.
Type  H <return>  for immediate help.
 ...                                              
                                                  
l.13 ...å‡è®¾ç°åœ¨æ˜¯åœ¨ä¸Šæµ·æŸå¿«é€’å…¬å¸çš„
                                                  å‘è´§æ¡ç»ƒç©ºé—´ï¼Œå¦‚å›...
You may provide a definition with
\DeclareUnicodeCharacter 


./lot.tex:13: LaTeX Error: Unicode character å‘ (U+53D1)
               not set up for use with LaTeX.

See the LaTeX manual or LaTeX Companion for explanation.
Type  H <return>  for immediate help.
 ...                                              
                                                  
l.13 ...è®¾ç°åœ¨æ˜¯åœ¨ä¸Šæµ·æŸå¿«é€’å…¬å¸çš„å‘
                                                  è´§æ¡ç»ƒç©ºé—´ï¼Œå¦‚å›¾æ‰...
You may provide a definition with
\DeclareUnicodeCharacter 


./lot.tex:13: LaTeX Error: Unicode character è´§ (U+8D27)
               not set up for use with LaTeX.

See the LaTeX manual or LaTeX Companion for explanation.
Type  H <return>  for immediate help.
 ...                                              
                                                  
l.13 ...ç°åœ¨æ˜¯åœ¨ä¸Šæµ·æŸå¿«é€’å…¬å¸çš„å‘è´§
                                                  æ¡ç»ƒç©ºé—´ï¼Œå¦‚å›¾æ‰€ç¤...
You may provide a definition with
\DeclareUnicodeCharacter 


./lot.tex:13: LaTeX Error: Unicode character æ¡ (U+6361)
               not set up for use with LaTeX.

See the LaTeX manual or LaTeX Companion for explanation.
Type  H <return>  for immediate help.
 ...                                              
                                                  
l.13 ...åœ¨æ˜¯åœ¨ä¸Šæµ·æŸå¿«é€’å…¬å¸çš„å‘è´§æ¡
                                                  ç»ƒç©ºé—´ï¼Œå¦‚å›¾æ‰€ç¤ºã€‚
You may provide a definition with
\DeclareUnicodeCharacter 


./lot.tex:13: LaTeX Error: Unicode character ç»ƒ (U+7EC3)
               not set up for use with LaTeX.

See the LaTeX manual or LaTeX Companion for explanation.
Type  H <return>  for immediate help.
 ...                                              
                                                  
l.13 ...æ˜¯åœ¨ä¸Šæµ·æŸå¿«é€’å…¬å¸çš„å‘è´§æ¡ç»ƒ
                                                  ç©ºé—´ï¼Œå¦‚å›¾æ‰€ç¤ºã€‚
You may provide a definition with
\DeclareUnicodeCharacter 


./lot.tex:13: LaTeX Error: Unicode character ç©º (U+7A7A)
               not set up for use with LaTeX.

See the LaTeX manual or LaTeX Companion for explanation.
Type  H <return>  for immediate help.
 ...                                              
                                                  
l.13 ...åœ¨ä¸Šæµ·æŸå¿«é€’å…¬å¸çš„å‘è´§æ¡ç»ƒç©º
                                                  é—´ï¼Œå¦‚å›¾æ‰€ç¤ºã€‚
You may provide a definition with
\DeclareUnicodeCharacter 


./lot.tex:13: LaTeX Error: Unicode character é—´ (U+95F4)
               not set up for use with LaTeX.

See the LaTeX manual or LaTeX Companion for explanation.
Type  H <return>  for immediate help.
 ...                                              
                                                  
l.13 ...ä¸Šæµ·æŸå¿«é€’å…¬å¸çš„å‘è´§æ¡ç»ƒç©ºé—´
                                                  ï¼Œå¦‚å›¾æ‰€ç¤ºã€‚
You may provide a definition with
\DeclareUnicodeCharacter 


./lot.tex:13: LaTeX Error: Unicode character ï¼Œ (U+FF0C)
               not set up for use with LaTeX.

See the LaTeX manual or LaTeX Companion for explanation.
Type  H <return>  for immediate help.
 ...                                              
                                                  
l.13 ...æµ·æŸå¿«é€’å…¬å¸çš„å‘è´§æ¡ç»ƒç©ºé—´ï¼Œ
                                                  å¦‚å›¾æ‰€ç¤ºã€‚
You may provide a definition with
\DeclareUnicodeCharacter 


./lot.tex:13: LaTeX Error: Unicode character å¦‚ (U+5982)
               not set up for use with LaTeX.

See the LaTeX manual or LaTeX Companion for explanation.
Type  H <return>  for immediate help.
 ...                                              
                                                  
l.13 ...æŸå¿«é€’å…¬å¸çš„å‘è´§æ¡ç»ƒç©ºé—´ï¼Œå¦‚
                                                  å›¾æ‰€ç¤ºã€‚
You may provide a definition with
\DeclareUnicodeCharacter 


./lot.tex:13: LaTeX Error: Unicode character å›¾ (U+56FE)
               not set up for use with LaTeX.

See the LaTeX manual or LaTeX Companion for explanation.
Type  H <return>  for immediate help.
 ...                                              
                                                  
l.13 ...å¿«é€’å…¬å¸çš„å‘è´§æ¡ç»ƒç©ºé—´ï¼Œå¦‚å›¾
                                                  æ‰€ç¤ºã€‚
You may provide a definition with
\DeclareUnicodeCharacter 


./lot.tex:13: LaTeX Error: Unicode character æ‰€ (U+6240)
               not set up for use with LaTeX.

See the LaTeX manual or LaTeX Companion for explanation.
Type  H <return>  for immediate help.
 ...                                              
                                                  
l.13 ...é€’å…¬å¸çš„å‘è´§æ¡ç»ƒç©ºé—´ï¼Œå¦‚å›¾æ‰€
                                                  ç¤ºã€‚
You may provide a definition with
\DeclareUnicodeCharacter 


./lot.tex:13: LaTeX Error: Unicode character ç¤º (U+793A)
               not set up for use with LaTeX.

See the LaTeX manual or LaTeX Companion for explanation.
Type  H <return>  for immediate help.
 ...                                              
                                                  
l.13 ...å…¬å¸çš„å‘è´§æ¡ç»ƒç©ºé—´ï¼Œå¦‚å›¾æ‰€ç¤º
                                                  ã€‚
You may provide a definition with
\DeclareUnicodeCharacter 


./lot.tex:13: LaTeX Error: Unicode character ã€‚ (U+3002)
               not set up for use with LaTeX.

See the LaTeX manual or LaTeX Companion for explanation.
Type  H <return>  for immediate help.
 ...                                              
                                                  
l.13 ...å¸çš„å‘è´§æ¡ç»ƒç©ºé—´ï¼Œå¦‚å›¾æ‰€ç¤ºã€‚
                                                  
You may provide a definition with
\DeclareUnicodeCharacter 

./lot.tex:16: Undefined control sequence.
l.16 \includegraphics
                     [width=0.8\textwidth]{asserts/Figure_1.png}
The control sequence at the end of the top line
of your error message was never \def'ed. If you have
misspelled it (e.g., `\hobx'), type `I' and the correct
spelling (e.g., `I\hbox'). Otherwise just continue,
and I'll forget about whatever was undefined.

./lot.tex:16: Missing number, treated as zero.
<to be read again> 
                   ]
l.16 \includegraphics[width=0.8\textwidth]
                                          {asserts/Figure_1.png}
A number should have been here; I inserted `0'.
(If you can't figure out why I needed to see a number,
look up `weird error' in the index to The TeXbook.)

./lot.tex:16: Illegal unit of measure (pt inserted).
<to be read again> 
                   ]
l.16 \includegraphics[width=0.8\textwidth]
                                          {asserts/Figure_1.png}
Dimensions can be in units of em, ex, in, pt, pc,
cm, mm, dd, cc, nd, nc, bp, or sp; but yours is a new one!
I'll assume that you meant to say pt, for printer's points.
To recover gracefully from this error, it's best to
delete the erroneous units; e.g., type `2' to delete
two letters. (See Chapter 27 of The TeXbook.)

./lot.tex:16: Missing $ inserted.
<inserted text> 
                $
l.16 ...phics[width=0.8\textwidth]{asserts/Figure_
                                                  1.png}
I've inserted a begin-math/end-math symbol since I think
you left one out. Proceed, with fingers crossed.

LaTeX Font Info:    External font `cmex10' loaded for size
(Font)              <7> on input line 16.
LaTeX Font Info:    External font `cmex10' loaded for size
(Font)              <5> on input line 16.
./lot.tex:16: Extra }, or forgotten $.
l.16 ...width=0.8\textwidth]{asserts/Figure_1.png}
                                                  
I've deleted a group-closing symbol because it seems to be
spurious, as in `$x}$'. But perhaps the } is legitimate and
you forgot something else, as in `\hbox{$x}'. In such cases
the way to recover is to insert both the forgotten and the
deleted material, e.g., by typing `I$}'.

./lot.tex:17: Missing $ inserted.
<inserted text> 
                $
l.17 \caption{å¿«é€’ä¸­è½¬ç«™}
                              
I've inserted a begin-math/end-math symbol since I think
you left one out. Proceed, with fingers crossed.


./lot.tex:17: LaTeX Error: Unicode character å¿« (U+5FEB)
               not set up for use with LaTeX.

See the LaTeX manual or LaTeX Companion for explanation.
Type  H <return>  for immediate help.
 ...                                              
                                                  
l.17 \caption{å¿«é€’ä¸­è½¬ç«™}
                              
You may provide a definition with
\DeclareUnicodeCharacter 


./lot.tex:17: LaTeX Error: Unicode character é€’ (U+9012)
               not set up for use with LaTeX.

See the LaTeX manual or LaTeX Companion for explanation.
Type  H <return>  for immediate help.
 ...                                              
                                                  
l.17 \caption{å¿«é€’ä¸­è½¬ç«™}
                              
You may provide a definition with
\DeclareUnicodeCharacter 


./lot.tex:17: LaTeX Error: Unicode character ä¸­ (U+4E2D)
               not set up for use with LaTeX.

See the LaTeX manual or LaTeX Companion for explanation.
Type  H <return>  for immediate help.
 ...                                              
                                                  
l.17 \caption{å¿«é€’ä¸­è½¬ç«™}
                              
You may provide a definition with
\DeclareUnicodeCharacter 


./lot.tex:17: LaTeX Error: Unicode character è½¬ (U+8F6C)
               not set up for use with LaTeX.

See the LaTeX manual or LaTeX Companion for explanation.
Type  H <return>  for immediate help.
 ...                                              
                                                  
l.17 \caption{å¿«é€’ä¸­è½¬ç«™}
                              
You may provide a definition with
\DeclareUnicodeCharacter 


./lot.tex:17: LaTeX Error: Unicode character ç«™ (U+7AD9)
               not set up for use with LaTeX.

See the LaTeX manual or LaTeX Companion for explanation.
Type  H <return>  for immediate help.
 ...                                              
                                                  
l.17 \caption{å¿«é€’ä¸­è½¬ç«™}
                              
You may provide a definition with
\DeclareUnicodeCharacter 

./lot.tex:18: Missing } inserted.
<inserted text> 
                }
l.18 \end{figure}
                 
I've inserted something that you may have forgotten.
(See the <inserted text> above.)
With luck, this will get me unwedged. But if you
really didn't forget anything, try typing `2' now; then
my insertion and my current dilemma will both disappear.

[2] (./lot.aux) ) 
Here is how much of TeX's memory you used:
 513 strings out of 476025
 8797 string characters out of 5790018
 1850388 words of memory out of 5000000
 21040 multiletter control sequences out of 15000+600000
 515927 words of font info for 44 fonts, out of 8000000 for 9000
 1141 hyphenation exceptions out of 8191
 34i,6n,38p,181b,194s stack positions out of 10000i,1000n,20000p,200000b,200000s
</usr/local/texlive/2023/texmf-dist/fonts/type1/public/amsfonts/cm/cmbx12.pfb></usr/local/texlive/2023/texmf-dist/fonts/type1/public/amsfonts/cm/cmmi10.pfb></usr/local/texlive/2023/texmf-dist/fonts/type1/public/amsfonts/cm/cmr10.pfb></usr/local/texlive/2023/texmf-dist/fonts/type1/public/amsfonts/cm/cmr12.pfb></usr/local/texlive/2023/texmf-dist/fonts/type1/public/amsfonts/cm/cmr17.pfb></usr/local/texlive/2023/texmf-dist/fonts/type1/public/amsfonts/cm/cmr7.pfb>
Output written on lot.pdf (2 pages, 58099 bytes).
PDF statistics:
 41 PDF objects out of 1000 (max. 8388607)
 24 compressed objects within 1 object stream
 0 named destinations out of 1000 (max. 500000)
 1 words of extra memory for PDF output out of 10000 (max. 10000000)

